app/build/outputs/logs/manifest-merger-debug-report.txt
-- Merging decision tree log ---
manifest
ADDED from src\main\AndroidManifest.xml:2:1-38:12
	xmlns:android
		ADDED from src\main\AndroidManifest.xml:2:11-69
	package
		ADDED from src\main\AndroidManifest.xml:3:5-41
		INJECTED from src\main\AndroidManifest.xml
		INJECTED from src\main\AndroidManifest.xml
	android:versionName
		INJECTED from src\main\AndroidManifest.xml
		INJECTED from src\main\AndroidManifest.xml
	android:versionCode
		INJECTED from src\main\AndroidManifest.xml
		INJECTED from src\main\AndroidManifest.xml
uses-permission#android.permission.BLUETOOTH
ADDED from src\main\AndroidManifest.xml:18:5-68
	android:name
		ADDED from src\main\AndroidManifest.xml:18:22-65
uses-permission#android.permission.BLUETOOTH_ADMIN
ADDED from src\main\AndroidManifest.xml:19:5-74
	android:name
		ADDED from src\main\AndroidManifest.xml:19:22-71
uses-permission#android.permission.ACCESS_COARSE_LOCATION
ADDED from src\main\AndroidManifest.xml:20:5-81
	android:name
		ADDED from src\main\AndroidManifest.xml:20:22-78
application
ADDED from src\main\AndroidManifest.xml:23:5-36:19
MERGED from [com.android.support:appcompat-v7:23.4.0] AndroidManifest.xml:25:5-20
MERGED from [com.android.support:animated-vector-drawable:23.4.0] AndroidManifest.xml:7:5-20
MERGED from [com.android.support:support-vector-drawable:23.4.0] AndroidManifest.xml:7:5-20
MERGED from [com.android.support:support-v4:23.4.0] AndroidManifest.xml:22:5-20
MERGED from [com.android.support:support-v4:23.4.0] AndroidManifest.xml:22:5-20
MERGED from [com.android.support:support-vector-drawable:23.4.0] AndroidManifest.xml:7:5-20
MERGED from [com.android.support:support-v4:23.4.0] AndroidManifest.xml:22:5-20
	android:supportsRtl
		ADDED from src\main\AndroidManifest.xml:27:9-35
	android:label
		ADDED from src\main\AndroidManifest.xml:26:9-41
	android:allowBackup
		ADDED from src\main\AndroidManifest.xml:24:9-35
	android:icon
		ADDED from src\main\AndroidManifest.xml:25:9-43
	android:theme
		ADDED from src\main\AndroidManifest.xml:28:9-59
activity#com.stephteltz.android_ble.MainActivity
ADDED from src\main\AndroidManifest.xml:29:9-35:20
	android:name
		ADDED from src\main\AndroidManifest.xml:29:19-47
intent-filter#android.intent.action.MAIN+android.intent.category.LAUNCHER
ADDED from src\main\AndroidManifest.xml:30:13-34:29
action#android.intent.action.MAIN
ADDED from src\main\AndroidManifest.xml:31:17-69
	android:name
		ADDED from src\main\AndroidManifest.xml:31:25-66
category#android.intent.category.LAUNCHER
ADDED from src\main\AndroidManifest.xml:33:17-77
	android:name
		ADDED from src\main\AndroidManifest.xml:33:27-74
uses-sdk
INJECTED from src\main\AndroidManifest.xml reason: use-sdk injection requested
MERGED from [com.android.support:appcompat-v7:23.4.0] AndroidManifest.xml:21:5-23:78
MERGED from [com.android.support:animated-vector-drawable:23.4.0] AndroidManifest.xml:5:5-44
MERGED from [com.android.support:support-vector-drawable:23.4.0] AndroidManifest.xml:5:5-43
MERGED from [com.android.support:support-v4:23.4.0] AndroidManifest.xml:20:5-43
MERGED from [com.android.support:support-v4:23.4.0] AndroidManifest.xml:20:5-43
MERGED from [com.android.support:support-vector-drawable:23.4.0] AndroidManifest.xml:5:5-43
MERGED from [com.android.support:support-v4:23.4.0] AndroidManifest.xml:20:5-43
	android:targetSdkVersion
		INJECTED from src\main\AndroidManifest.xml
		INJECTED from src\main\AndroidManifest.xml
	android:minSdkVersion
		INJECTED from src\main\AndroidManifest.xml
		INJECTED from src\main\AndroidManifest.xml
	tools:overrideLibrary
		ADDED from [com.android.support:appcompat-v7:23.4.0] AndroidManifest.xml:23:9-75